06-May-2017 10:44:41.202 INFO [main] org.apache.catalina.startup.VersionLoggerListener.log Server version:        Apache Tomcat/8.0.32
06-May-2017 10:44:41.204 INFO [main] org.apache.catalina.startup.VersionLoggerListener.log Server built:          Feb 2 2016 19:34:53 UTC
06-May-2017 10:44:41.204 INFO [main] org.apache.catalina.startup.VersionLoggerListener.log Server number:         8.0.32.0
06-May-2017 10:44:41.205 INFO [main] org.apache.catalina.startup.VersionLoggerListener.log OS Name:               Linux
06-May-2017 10:44:41.205 INFO [main] org.apache.catalina.startup.VersionLoggerListener.log OS Version:            4.8.12-040812-generic
06-May-2017 10:44:41.205 INFO [main] org.apache.catalina.startup.VersionLoggerListener.log Architecture:          amd64
06-May-2017 10:44:41.205 INFO [main] org.apache.catalina.startup.VersionLoggerListener.log Java Home:             /usr/lib/jvm/java-8-oracle/jre
06-May-2017 10:44:41.206 INFO [main] org.apache.catalina.startup.VersionLoggerListener.log JVM Version:           1.8.0_31-b13
06-May-2017 10:44:41.206 INFO [main] org.apache.catalina.startup.VersionLoggerListener.log JVM Vendor:            Oracle Corporation
06-May-2017 10:44:41.206 INFO [main] org.apache.catalina.startup.VersionLoggerListener.log CATALINA_BASE:         /home/travis/build/liferay-labs/arquillian-blade-example/liferay/liferay-ce-portal-7.0-ga3/tomcat-8.0.32
06-May-2017 10:44:41.206 INFO [main] org.apache.catalina.startup.VersionLoggerListener.log CATALINA_HOME:         /home/travis/build/liferay-labs/arquillian-blade-example/liferay/liferay-ce-portal-7.0-ga3/tomcat-8.0.32
06-May-2017 10:44:41.207 INFO [main] org.apache.catalina.startup.VersionLoggerListener.log Command line argument: -Djava.util.logging.config.file=/home/travis/build/liferay-labs/arquillian-blade-example/liferay/liferay-ce-portal-7.0-ga3/tomcat-8.0.32/conf/logging.properties
06-May-2017 10:44:41.207 INFO [main] org.apache.catalina.startup.VersionLoggerListener.log Command line argument: -Djava.util.logging.manager=org.apache.juli.ClassLoaderLogManager
06-May-2017 10:44:41.207 INFO [main] org.apache.catalina.startup.VersionLoggerListener.log Command line argument: -Dfile.encoding=UTF8
06-May-2017 10:44:41.207 INFO [main] org.apache.catalina.startup.VersionLoggerListener.log Command line argument: -Djava.net.preferIPv4Stack=true
06-May-2017 10:44:41.207 INFO [main] org.apache.catalina.startup.VersionLoggerListener.log Command line argument: -Dorg.apache.catalina.loader.WebappClassLoader.ENABLE_CLEAR_REFERENCES=false
06-May-2017 10:44:41.208 INFO [main] org.apache.catalina.startup.VersionLoggerListener.log Command line argument: -Duser.timezone=GMT
06-May-2017 10:44:41.208 INFO [main] org.apache.catalina.startup.VersionLoggerListener.log Command line argument: -Xmx1024m
06-May-2017 10:44:41.208 INFO [main] org.apache.catalina.startup.VersionLoggerListener.log Command line argument: -XX:MaxPermSize=384m
06-May-2017 10:44:41.208 INFO [main] org.apache.catalina.startup.VersionLoggerListener.log Command line argument: -Djava.rmi.server.hostname=localhost
06-May-2017 10:44:41.208 INFO [main] org.apache.catalina.startup.VersionLoggerListener.log Command line argument: -Dcom.sun.management.jmxremote.local.only=false
06-May-2017 10:44:41.208 INFO [main] org.apache.catalina.startup.VersionLoggerListener.log Command line argument: -javaagent:/home/travis/build/liferay-labs/arquillian-blade-example/build/jacoco/jacocoagent.jar=destfile=/home/travis/build/liferay-labs/arquillian-blade-example/build/jacoco/testIntegration.exec,output=file,append=true,jmx=true
06-May-2017 10:44:41.209 INFO [main] org.apache.catalina.startup.VersionLoggerListener.log Command line argument: -Dcom.sun.management.jmxremote
06-May-2017 10:44:41.209 INFO [main] org.apache.catalina.startup.VersionLoggerListener.log Command line argument: -Dcom.sun.management.jmxremote.authenticate=false
06-May-2017 10:44:41.209 INFO [main] org.apache.catalina.startup.VersionLoggerListener.log Command line argument: -Dcom.sun.management.jmxremote.port=8099
06-May-2017 10:44:41.209 INFO [main] org.apache.catalina.startup.VersionLoggerListener.log Command line argument: -Dcom.sun.management.jmxremote.ssl=false
06-May-2017 10:44:41.216 INFO [main] org.apache.catalina.startup.VersionLoggerListener.log Command line argument: -Djava.endorsed.dirs=/home/travis/build/liferay-labs/arquillian-blade-example/liferay/liferay-ce-portal-7.0-ga3/tomcat-8.0.32/endorsed
06-May-2017 10:44:41.216 INFO [main] org.apache.catalina.startup.VersionLoggerListener.log Command line argument: -Dcatalina.base=/home/travis/build/liferay-labs/arquillian-blade-example/liferay/liferay-ce-portal-7.0-ga3/tomcat-8.0.32
06-May-2017 10:44:41.216 INFO [main] org.apache.catalina.startup.VersionLoggerListener.log Command line argument: -Dcatalina.home=/home/travis/build/liferay-labs/arquillian-blade-example/liferay/liferay-ce-portal-7.0-ga3/tomcat-8.0.32
06-May-2017 10:44:41.217 INFO [main] org.apache.catalina.startup.VersionLoggerListener.log Command line argument: -Djava.io.tmpdir=/home/travis/build/liferay-labs/arquillian-blade-example/liferay/liferay-ce-portal-7.0-ga3/tomcat-8.0.32/temp
06-May-2017 10:44:41.217 INFO [main] org.apache.catalina.core.AprLifecycleListener.lifecycleEvent The APR based Apache Tomcat Native library which allows optimal performance in production environments was not found on the java.library.path: /usr/java/packages/lib/amd64:/usr/lib64:/lib64:/lib:/usr/lib
06-May-2017 10:44:41.411 INFO [main] org.apache.coyote.AbstractProtocol.init Initializing ProtocolHandler ["http-nio-8080"]
06-May-2017 10:44:41.427 INFO [main] org.apache.tomcat.util.net.NioSelectorPool.getSharedSelector Using a shared selector for servlet write/read
06-May-2017 10:44:41.433 INFO [main] org.apache.coyote.AbstractProtocol.init Initializing ProtocolHandler ["ajp-nio-8009"]
06-May-2017 10:44:41.435 INFO [main] org.apache.tomcat.util.net.NioSelectorPool.getSharedSelector Using a shared selector for servlet write/read
06-May-2017 10:44:41.436 INFO [main] org.apache.catalina.startup.Catalina.load Initialization processed in 774 ms
06-May-2017 10:44:41.481 INFO [main] org.apache.catalina.core.StandardService.startInternal Starting service Catalina
06-May-2017 10:44:41.481 INFO [main] org.apache.catalina.core.StandardEngine.startInternal Starting Servlet Engine: Apache Tomcat/8.0.32
06-May-2017 10:44:41.494 INFO [localhost-startStop-1] org.apache.catalina.startup.HostConfig.deployDescriptor Deploying configuration descriptor /home/travis/build/liferay-labs/arquillian-blade-example/liferay/liferay-ce-portal-7.0-ga3/tomcat-8.0.32/conf/Catalina/localhost/ROOT.xml
06-May-2017 10:48:34.262 INFO [localhost-startStop-1] org.apache.catalina.startup.HostConfig.deployDescriptor Deployment of configuration descriptor /home/travis/build/liferay-labs/arquillian-blade-example/liferay/liferay-ce-portal-7.0-ga3/tomcat-8.0.32/conf/Catalina/localhost/ROOT.xml has finished in 232,768 ms
06-May-2017 10:48:34.264 INFO [localhost-startStop-1] org.apache.catalina.startup.HostConfig.deployDirectory Deploying web application directory /home/travis/build/liferay-labs/arquillian-blade-example/liferay/liferay-ce-portal-7.0-ga3/tomcat-8.0.32/webapps/manager
06-May-2017 10:48:35.576 INFO [localhost-startStop-1] org.apache.catalina.startup.HostConfig.deployDirectory Deployment of web application directory /home/travis/build/liferay-labs/arquillian-blade-example/liferay/liferay-ce-portal-7.0-ga3/tomcat-8.0.32/webapps/manager has finished in 1,313 ms
06-May-2017 10:48:35.582 INFO [main] org.apache.coyote.AbstractProtocol.start Starting ProtocolHandler ["http-nio-8080"]
06-May-2017 10:48:35.600 INFO [main] org.apache.coyote.AbstractProtocol.start Starting ProtocolHandler ["ajp-nio-8009"]
06-May-2017 10:48:35.601 INFO [main] org.apache.catalina.startup.Catalina.start Server startup in 234165 ms
